SF:lib/weather/weather_view.dart
DA:11,1
DA:13,1
DA:15,1
DA:16,1
DA:35,1
DA:37,1
DA:39,1
DA:48,1
DA:50,1
DA:53,0
DA:54,0
DA:55,0
DA:56,0
DA:60,0
DA:61,0
DA:62,0
DA:63,0
DA:64,0
DA:65,0
DA:66,0
DA:67,0
DA:69,0
DA:70,0
DA:75,0
DA:85,1
DA:87,1
DA:89,2
DA:90,1
DA:91,1
DA:93,3
DA:94,0
DA:101,0
DA:102,0
DA:103,0
DA:104,0
DA:105,0
DA:106,0
DA:111,0
DA:113,0
DA:118,0
DA:120,0
DA:121,0
DA:122,0
DA:123,0
DA:126,0
DA:127,0
DA:128,0
DA:135,0
DA:136,0
DA:138,1
LF:50
LH:16
end_of_record
SF:lib/app/view/app.dart
DA:7,1
DA:9,1
DA:11,1
DA:12,1
DA:13,1
DA:14,3
LF:6
LH:6
end_of_record
SF:lib/l10n/l10n.dart
DA:7,0
LF:1
LH:0
end_of_record
SF:lib/data/model/forecast.dart
DA:14,0
DA:15,0
DA:22,0
DA:23,0
DA:33,0
DA:34,0
DA:37,0
DA:68,0
LF:8
LH:0
end_of_record
SF:lib/data/model/forecast.g.dart
DA:9,0
DA:10,0
DA:11,0
DA:12,0
DA:13,0
DA:16,0
DA:17,0
DA:18,0
DA:19,0
DA:22,0
DA:23,0
DA:24,0
DA:27,0
DA:28,0
DA:29,0
DA:32,0
DA:33,0
DA:34,0
DA:35,0
DA:38,0
DA:39,0
DA:40,0
DA:41,0
LF:23
LH:0
end_of_record
SF:lib/data/model/location.dart
DA:16,0
DA:17,0
DA:24,0
DA:25,0
LF:4
LH:0
end_of_record
SF:lib/data/model/location.g.dart
DA:9,0
DA:10,0
DA:11,0
DA:12,0
DA:13,0
DA:14,0
DA:17,0
DA:18,0
DA:19,0
DA:20,0
DA:21,0
DA:22,0
DA:25,0
DA:27,0
DA:28,0
DA:29,0
DA:30,0
DA:33,0
DA:35,0
DA:36,0
LF:20
LH:0
end_of_record
SF:lib/data/repository/forecast_repository.dart
DA:6,0
DA:11,0
DA:15,0
DA:17,0
DA:18,0
LF:5
LH:0
end_of_record
SF:lib/provider/chopper_provider.dart
DA:9,0
DA:18,0
DA:19,0
DA:20,0
DA:24,0
DA:25,0
DA:29,0
DA:34,0
DA:35,0
DA:37,0
DA:39,0
DA:42,0
DA:43,0
DA:44,0
DA:48,0
DA:49,0
DA:53,0
DA:58,0
DA:60,0
DA:62,0
LF:20
LH:0
end_of_record
SF:lib/data/repository/location_repository.dart
DA:6,0
DA:11,0
DA:15,0
DA:17,0
DA:18,0
LF:5
LH:0
end_of_record
SF:lib/data/service/geocoding_open_meteo_service.dart
DA:8,0
DA:9,0
LF:2
LH:0
end_of_record
SF:lib/data/service/geocoding_open_meteo_service.chopper.dart
DA:11,0
DA:13,0
DA:19,0
DA:21,0
DA:22,0
DA:23,0
DA:26,0
DA:29,0
LF:8
LH:0
end_of_record
SF:lib/data/service/json_serializable_converter.dart
DA:9,1
DA:13,0
DA:16,0
DA:17,0
DA:22,0
DA:25,0
DA:26,0
DA:28,0
DA:29,0
DA:31,0
DA:36,0
DA:41,0
DA:43,0
DA:44,0
DA:48,0
DA:51,0
DA:53,0
DA:56,0
DA:58,0
DA:59,0
LF:20
LH:1
end_of_record
SF:lib/data/service/resource_error.dart
DA:14,0
DA:15,0
LF:2
LH:0
end_of_record
SF:lib/data/service/resource_error.g.dart
DA:9,0
DA:10,0
DA:11,0
DA:12,0
DA:15,0
DA:16,0
DA:17,0
DA:18,0
LF:8
LH:0
end_of_record
SF:lib/data/service/open_meteo_service.dart
DA:8,0
DA:9,0
LF:2
LH:0
end_of_record
SF:lib/data/service/open_meteo_service.chopper.dart
DA:11,0
DA:13,0
DA:19,0
DA:25,0
DA:26,0
DA:31,0
DA:34,0
DA:37,0
LF:8
LH:0
end_of_record
SF:lib/weather/weather_provider.dart
DA:12,1
DA:17,0
DA:18,0
DA:19,0
DA:20,0
DA:21,0
LF:6
LH:1
end_of_record
SF:lib/weather/weather_provider.g.dart
DA:9,1
DA:13,2
DA:14,1
LF:3
LH:3
end_of_record
